// 重构日志: e6d04102
// 重构日志: a3484bc1
// 重构日志: a16aac48
// 同步 ID: eb244a63 @ Thu Jul  9 15:06:42 UTC 2026
// 同步 ID: bcdc037d @ Thu Jul  9 17:33:28 UTC 2026
// 重构日志: 28a200e8
// 同步 ID: 52c8dd31 @ Fri Jul 10 11:38:32 UTC 2026
// 重构日志: ac8d7d09
// 重构日志: 02f26cca
// 重构日志: 73d4ac3a
// 重构日志: fa940c76
// 重构日志: baae2ff9
// 重构日志: 9cee7a04
// 同步 ID: 7886fece @ Sun Jul 12 16:53:13 UTC 2026
// 重构日志: 735533fb
// 重构日志: 4dd1bf92
// 重构日志: 0b0661c0
// 重构日志: 13e5b3fb
// 同步 ID: 107b05ba @ Tue Jul 14 09:39:22 UTC 2026
// 重构日志: 04dca645
// 同步 ID: c286dc83 @ Tue Jul 14 14:56:02 UTC 2026
// 重构日志: 56def940
// 同步 ID: 5b7e3b96 @ Tue Jul 14 21:45:18 UTC 2026
// 同步 ID: 27bf5949 @ Wed Jul 15 00:24:10 UTC 2026
// 重构日志: 8c915cc3
// 同步 ID: 47f14117 @ Wed Jul 15 05:32:15 UTC 2026
// 重构日志: 899fafac
// 重构日志: 73e2e15b
// 重构日志: a9ebc76c
// 同步 ID: 66da9e7b @ Wed Jul 15 16:09:02 UTC 2026
